<?xml version="1.0" encoding="UTF-8"?>
<testng-results ignored="0" total="1" passed="1" failed="0" skipped="0">
  <reporter-output>
  </reporter-output>
  <suite started-at="2026-09-15T18:07:56 IST" name="Suite" finished-at="2026-09-15T18:07:56 IST" duration-ms="44">
    <groups>
      <group name="smoke">
        <method signature="DemoTest.addTest()[pri:0, instance:Demo.DemoTest@10e31a9a]" name="addTest" class="Demo.DemoTest"/>
      </group> <!-- smoke -->
    </groups>
    <test started-at="2026-09-15T18:07:56 IST" name="Test" finished-at="2026-09-15T18:07:56 IST" duration-ms="44">
      <class name="Demo.DemoTest">
        <test-method signature="addTest()[pri:0, instance:Demo.DemoTest@10e31a9a]" started-at="2026-09-15T18:07:56 IST" name="addTest" finished-at="2026-09-15T18:07:56 IST" duration-ms="4" status="PASS">
          <reporter-output>
          </reporter-output>
        </test-method> <!-- addTest -->
      </class> <!-- Demo.DemoTest -->
    </test> <!-- Test -->
  </suite> <!-- Suite -->
</testng-results>
